<?xml version="1.0" encoding="UTF-8"?>
<!-- Generated by org.testng.reporters.JUnitReportReporter -->
<testsuite name="com.orangehrm.driverfactory.AppTest" tests="1" time="6.111" ignored="0" failures="0" timestamp="30 Sep 2017 14:51:38 GMT" skipped="0" hostname="Williamss-MacBook-Air.local" errors="0">
  <testcase name="kickStart" time="6.111" classname="com.orangehrm.driverfactory.AppTest"/>
</testsuite> <!-- com.orangehrm.driverfactory.AppTest -->
